Arguments: 
  C:\Program Files\nodejs\node.exe C:\Users\Pat\AppData\Roaming\npm\node_modules\yarn\bin\yarn.js

PATH: 
  C:\Program Files\Git\mingw64\bin;C:\Program Files\Git\usr\bin;C:\Users\Pat\bin;C:\Users\Pat\bin;C:\Program Files\Git\mingw64\bin;C:\Program Files\Git\usr\local\bin;C:\Program Files\Git\usr\bin;C:\Program Files\Git\usr\bin;C:\Program Files\Git\mingw64\bin;C:\Program Files\Git\usr\bin;C:\Users\Pat\bin;C:\ProgramData\DockerDesktop\version-bin;C:\Program Files\Docker\Docker\Resources\bin;C:\Program Files\Hardwipe;C:\WINDOWS\system32;C:\WINDOWS;C:\WINDOWS\System32\Wbem;C:\WINDOWS\System32\WindowsPowerShell\v1.0;C:\WINDOWS\System32\OpenSSH;C:\ProgramData\chocolatey\bin;C:\Program Files\SourceGear\Common\DiffMerge;C:\Program Files\Git\cmd;C:\Program Files\Microsoft VS Code\bin;C:\Program Files\nodejs;C:\Program Files (x86)\GNU\GnuPG\pub;C:\Users\Pat\AppData\Local\Microsoft\WindowsApps;C:\Program Files (x86)\LinqPad5;C:\Users\Pat\AppData\Roaming\npm;C:\Program Files\Git\usr\bin\vendor_perl;C:\Program Files\Git\usr\bin\core_perl

Yarn version: 
  1.13.0

Node version: 
  11.6.0

Platform: 
  win32 x64

Trace: 
  SyntaxError: C:\src\dotenv-multi\package.json: Unexpected token } in JSON at position 543
      at JSON.parse (<anonymous>)
      at C:\Users\Pat\AppData\Roaming\npm\node_modules\yarn\lib\cli.js:1625:59
      at Generator.next (<anonymous>)
      at step (C:\Users\Pat\AppData\Roaming\npm\node_modules\yarn\lib\cli.js:304:30)
      at C:\Users\Pat\AppData\Roaming\npm\node_modules\yarn\lib\cli.js:315:13

npm manifest: 
  {
    "name": "dotenv-multi",
    "version": "0.1.0",
    "description": "dotenv for multiple files based on NODE_ENV",
    "main": "lib/main.js",
    "scripts": {
      "pretest": "yarn lint",
      "test": ""
    },
    "repository": {
      "type": "git",
      "url": "git://github.com/patsissons/dotenv-multi.git"
    },
    "keywords": [
      "dotenv",
      "dotenv-multi",
      "env",
      ".env",
      "environment",
      "variables",
      "config",
      "settings"
    ],
    "readmeFilename": "README.md",
    "license": "MIT",
    "devDependencies": {
      "@types/dotenv"
    },
    "dependencies": {
      "dotenv": "^6.0.0"
    },
    "engines": {
      "node": ">=6"
    }
  }

yarn manifest: 
  No manifest

Lockfile: 
  # THIS IS AN AUTOGENERATED FILE. DO NOT EDIT THIS FILE DIRECTLY.
  # yarn lockfile v1
  
  
  dotenv@^6.0.0:
    version "6.2.0"
    resolved "https://registry.yarnpkg.com/dotenv/-/dotenv-6.2.0.tgz#941c0410535d942c8becf28d3f357dbd9d476064"
    integrity sha512-HygQCKUBSFl8wKQZBSemMywRWcEDNidvNbjGVyZu3nbZ8qq9ubiPoGLMdRDpfSrpkkm9BXYFkpKxxFX38o/76w==
